0 info it worked if it ends with ok
1 verbose cli [ '/Users/josh/.nvm/versions/node/v5.1.1/bin/node',
1 verbose cli   '/Users/josh/.nvm/versions/node/v5.1.1/bin/npm',
1 verbose cli   'run',
1 verbose cli   'dev' ]
2 info using npm@3.6.0
3 info using node@v5.1.1
4 verbose run-script [ 'predev', 'dev', 'postdev' ]
5 info lifecycle video-service@1.0.0~predev: video-service@1.0.0
6 silly lifecycle video-service@1.0.0~predev: no script for predev, continuing
7 info lifecycle video-service@1.0.0~dev: video-service@1.0.0
8 verbose lifecycle video-service@1.0.0~dev: unsafe-perm in lifecycle true
9 verbose lifecycle video-service@1.0.0~dev: PATH: /Users/josh/.nvm/versions/node/v5.1.1/lib/node_modules/npm/bin/node-gyp-bin:/Users/josh/Code/JS/video-service/node_modules/.bin:/usr/local/lib/dnx/runtimes/dnx-coreclr-darwin-x64.1.0.0-rc1-update1/bin:/Users/josh/.dnx/bin:/Users/josh/.nvm/versions/node/v5.1.1/bin:/Users/josh/.rbenv/shims:/Users/josh/.rbenv/shims:/usr/local/bin:/usr/bin:/bin:/usr/sbin:/sbin:/Users/josh/Code/Go/bin:/Applications/Postgres.app/Contents/Versions/9.4/bin:/usr/local/opt/fzf/bin:/Users/josh/.composer/vendor/bin
10 verbose lifecycle video-service@1.0.0~dev: CWD: /Users/josh/Code/JS/video-service
11 silly lifecycle video-service@1.0.0~dev: Args: [ '-c', 'webpack-dev-server --content-base app' ]
12 silly lifecycle video-service@1.0.0~dev: Returned: code: 1  signal: null
13 info lifecycle video-service@1.0.0~dev: Failed to exec dev script
14 verbose stack Error: video-service@1.0.0 dev: `webpack-dev-server --content-base app`
14 verbose stack Exit status 1
14 verbose stack     at EventEmitter.<anonymous> (/Users/josh/.nvm/versions/node/v5.1.1/lib/node_modules/npm/lib/utils/lifecycle.js:232:16)
14 verbose stack     at emitTwo (events.js:87:13)
14 verbose stack     at EventEmitter.emit (events.js:172:7)
14 verbose stack     at ChildProcess.<anonymous> (/Users/josh/.nvm/versions/node/v5.1.1/lib/node_modules/npm/lib/utils/spawn.js:24:14)
14 verbose stack     at emitTwo (events.js:87:13)
14 verbose stack     at ChildProcess.emit (events.js:172:7)
14 verbose stack     at maybeClose (internal/child_process.js:818:16)
14 verbose stack     at Process.ChildProcess._handle.onexit (internal/child_process.js:211:5)
15 verbose pkgid video-service@1.0.0
16 verbose cwd /Users/josh/Code/JS/video-service
17 error Darwin 15.4.0
18 error argv "/Users/josh/.nvm/versions/node/v5.1.1/bin/node" "/Users/josh/.nvm/versions/node/v5.1.1/bin/npm" "run" "dev"
19 error node v5.1.1
20 error npm  v3.6.0
21 error code ELIFECYCLE
22 error video-service@1.0.0 dev: `webpack-dev-server --content-base app`
22 error Exit status 1
23 error Failed at the video-service@1.0.0 dev script 'webpack-dev-server --content-base app'.
23 error Make sure you have the latest version of node.js and npm installed.
23 error If you do, this is most likely a problem with the video-service package,
23 error not with npm itself.
23 error Tell the author that this fails on your system:
23 error     webpack-dev-server --content-base app
23 error You can get information on how to open an issue for this project with:
23 error     npm bugs video-service
23 error Or if that isn't available, you can get their info via:
23 error     npm owner ls video-service
23 error There is likely additional logging output above.
24 verbose exit [ 1, true ]
